<?xml version="1.0" encoding="utf-8"?>
<coverage line-rate="0.8421" branch-rate="0.7505" version="1.9" timestamp="1773524784" lines-covered="1728" lines-valid="2052" branches-covered="1020" branches-valid="1359">
  <sources>
    <source>/home/mafinar/repos/fsharp/yog-fsharp/src/Yog.FSharp/</source>
  </sources>
  <packages>
    <package name="Yog.FSharp" line-rate="0.8421" branch-rate="0.7505" complexity="1475">
      <classes>
        <class name="Yog.Dag.Dag`2" filename="Dag/Model.fs" line-rate="0.3333" branch-rate="0" complexity="5">
          <methods>
            <method name="get_InternalGraph" signature="()" line-rate="1" branch-rate="1" complexity="1">
              <lines>
                <line number="62" hits="52" branch="False" />
              </lines>
            </method>
            <method name="Equals" signature="(System.Object)" line-rate="0" branch-rate="0" complexity="2">
              <lines>
                <line number="65" hits="0" branch="True" condition-coverage="0% (0/2)">
                  <conditions>
                    <condition number="10" type="jump" coverage="0%" />
                  </conditions>
                </line>
                <line number="66" hits="0" branch="False" />
                <line number="67" hits="0" branch="False" />
              </lines>
            </method>
            <method name="GetHashCode" signature="()" line-rate="0" branch-rate="1" complexity="1">
              <lines>
                <line number="69" hits="0" branch="False" />
              </lines>
            </method>
            <method name=".ctor" signature="(Yog.Model/Graph`2&lt;n,e&gt;)" line-rate="1" branch-rate="1" complexity="1">
              <lines>
                <line number="61" hits="39" branch="False" />
              </lines>
            </method>
          </methods>
          <lines>
            <line number="62" hits="52" branch="False" />
            <line number="65" hits="0" branch="True" condition-coverage="0% (0/2)">
              <conditions>
                <condition number="10" type="jump" coverage="0%" />
              </conditions>
            </line>
            <line number="66" hits="0" branch="False" />
            <line number="67" hits="0" branch="False" />
            <line number="69" hits="0" branch="False" />
            <line number="61" hits="39" branch="False" />
          </lines>
        </class>
        <class name="Yog.Dag.Model" filename="Dag/Model.fs" line-rate="1" branch-rate="1" complexity="7">
          <methods>
            <method name="fromGraph" signature="(Yog.Model/Graph`2&lt;n,e&gt;)" line-rate="1" branch-rate="1" complexity="2">
              <lines>
                <line number="90" hits="37" branch="True" condition-coverage="100% (2/2)">
                  <conditions>
                    <condition number="7" type="jump" coverage="100%" />
                  </conditions>
                </line>
                <line number="91" hits="34" branch="False" />
                <line number="92" hits="3" branch="False" />
              </lines>
            </method>
            <method name="toGraph" signature="(Yog.Dag.Dag`2&lt;n,e&gt;)" line-rate="1" branch-rate="1" complexity="1">
              <lines>
                <line number="101" hits="43" branch="False" />
              </lines>
            </method>
            <method name="addNode" signature="(System.Int32,n,Yog.Dag.Dag`2&lt;n,e&gt;)" line-rate="1" branch-rate="1" complexity="1">
              <lines>
                <line number="110" hits="2" branch="False" />
              </lines>
            </method>
            <method name="removeNode" signature="(System.Int32,Yog.Dag.Dag`2&lt;n,e&gt;)" line-rate="1" branch-rate="1" complexity="1">
              <lines>
                <line number="116" hits="2" branch="False" />
              </lines>
            </method>
            <method name="removeEdge" signature="(System.Int32,System.Int32,Yog.Dag.Dag`2&lt;n,e&gt;)" line-rate="1" branch-rate="1" complexity="1">
              <lines>
                <line number="122" hits="1" branch="False" />
              </lines>
            </method>
            <method name="addEdge" signature="(System.Int32,System.Int32,e,Yog.Dag.Dag`2&lt;n,e&gt;)" line-rate="1" branch-rate="1" complexity="1">
              <lines>
                <line number="143" hits="4" branch="False" />
                <line number="144" hits="4" branch="False" />
              </lines>
            </method>
          </methods>
          <lines>
            <line number="90" hits="37" branch="True" condition-coverage="100% (2/2)">
              <conditions>
                <condition number="7" type="jump" coverage="100%" />
              </conditions>
            </line>
            <line number="91" hits="34" branch="False" />
            <line number="92" hits="3" branch="False" />
            <line number="101" hits="43" branch="False" />
            <line number="110" hits="2" branch="False" />
            <line number="116" hits="2" branch="False" />
            <line number="122" hits="1" branch="False" />
            <line number="143" hits="4" branch="False" />
            <line number="144" hits="4" branch="False" />
          </lines>
        </class>
        <class name="Yog.Multi.Eulerian" filename="MultiGraph.fs" line-rate="0.75" branch-rate="0.6666" complexity="7">
          <methods>
            <method name="allEvenDegree" signature="(Yog.Multi.MultiGraph`2&lt;n,e&gt;)" line-rate="0" branch-rate="1" complexity="1">
              <lines>
                <line number="244" hits="0" branch="False" />
              </lines>
            </method>
            <method name="runHierholzer" signature="(System.Int32,Yog.Multi.MultiGraph`2&lt;n,e&gt;)" line-rate="1" branch-rate="0.5" complexity="2">
              <lines>
                <line number="257" hits="16" branch="False" />
                <line number="258" hits="4" branch="False" />
                <line number="259" hits="8" branch="True" condition-coverage="50% (1/2)">
                  <conditions>
                    <condition number="74" type="jump" coverage="50%" />
                  </conditions>
                </line>
              </lines>
            </method>
            <method name="findEulerianCircuit" signature="(Yog.Multi.MultiGraph`2&lt;n,e&gt;)" line-rate="0.75" branch-rate="0.75" complexity="4">
              <lines>
                <line number="283" hits="6" branch="True" condition-coverage="100% (2/2)">
                  <conditions>
                    <condition number="12" type="jump" coverage="100%" />
                  </conditions>
                </line>
                <line number="286" hits="16" branch="True" condition-coverage="50% (1/2)">
                  <conditions>
                    <condition number="39" type="jump" coverage="50%" />
                  </conditions>
                </line>
                <line number="287" hits="4" branch="False" />
                <line number="288" hits="0" branch="False" />
              </lines>
            </method>
          </methods>
          <lines>
            <line number="244" hits="0" branch="False" />
            <line number="257" hits="16" branch="False" />
            <line number="258" hits="4" branch="False" />
            <line number="259" hits="8" branch="True" condition-coverage="50% (1/2)">
              <conditions>
                <condition number="74" type="jump" coverage="50%" />
              </conditions>
            </line>
            <line number="283" hits="6" branch="True" condition-coverage="100% (2/2)">
              <conditions>
                <condition number="12" type="jump" coverage="100%" />
              </conditions>
            </line>
            <line number="286" hits="16" branch="True" condition-coverage="50% (1/2)">
              <conditions>
                <condition number="39" type="jump" coverage="50%" />
              </conditions>
            </line>
            <line number="287" hits="4" branch="False" />
            <line number="288" hits="0" branch="False" />
          </lines>
        </class>
        <class name="Yog.Multi.Eulerian/options@250" filename="MultiGraph.fs" line-rate="1" branch-rate="1" complexity="1">
          <methods>
            <method name="Invoke" signature="(System.Tuple`3&lt;System.Int32,System.Int32,e&gt;)" line-rate="1" branch-rate="1" complexity="1">
              <lines>
                <line number="250" hits="52" branch="False" />
              </lines>
            </method>
          </methods>
          <lines>
            <line number="250" hits="52" branch="False" />
          </lines>
        </class>
        <class name="Yog.Multi.Eulerian/solve@248-3" filename="MultiGraph.fs" line-rate="1" branch-rate="1" complexity="2">
          <methods>
            <method name="Invoke" signature="(System.Int32,Microsoft.FSharp.Collections.FSharpSet`1&lt;System.Int32&gt;,Microsoft.FSharp.Collections.FSharpList`1&lt;System.Int32&gt;)" line-rate="1" branch-rate="1" complexity="2">
              <lines>
                <line number="249" hits="18" branch="False" />
                <line number="251" hits="18" branch="True" condition-coverage="100% (2/2)">
                  <conditions>
                    <condition number="29" type="jump" coverage="100%" />
                  </conditions>
                </line>
                <line number="252" hits="4" branch="False" />
                <line number="254" hits="14" branch="False" />
                <line number="255" hits="14" branch="False" />
              </lines>
            </method>
          </methods>
          <lines>
            <line number="249" hits="18" branch="False" />
            <line number="251" hits="18" branch="True" condition-coverage="100% (2/2)">
              <conditions>
                <condition number="29" type="jump" coverage="100%" />
              </conditions>
            </line>
            <line number="252" hits="4" branch="False" />
            <line number="254" hits="14" branch="False" />
            <line number="255" hits="14" branch="False" />
          </lines>
        </class>
        <class name="Yog.Multi.Traversal" filename="MultiGraph.fs" line-rate="1" branch-rate="1" complexity="1">
          <methods>
            <method name="bfs" signature="(System.Int32,Yog.Multi.MultiGraph`2&lt;n,e&gt;)" line-rate="1" branch-rate="1" complexity="1">
              <lines>
                <line number="234" hits="4" branch="False" />
              </lines>
            </method>
          </methods>
          <lines>
            <line number="234" hits="4" branch="False" />
          </lines>
        </class>
        <class name="Yog.Multi.Traversal/loop@220" filename="MultiGraph.fs" line-rate="1" branch-rate="0.875" complexity="8">
          <methods>
            <method name="Invoke" signature="(Microsoft.FSharp.Collections.FSharpList`1&lt;System.Int32&gt;,Microsoft.FSharp.Collections.FSharpSet`1&lt;System.Int32&gt;,Microsoft.FSharp.Collections.FSharpSet`1&lt;System.Int32&gt;,Microsoft.FSharp.Collections.FSharpList`1&lt;System.Int32&gt;)" line-rate="1" branch-rate="0.875" complexity="8">
              <lines>
                <line number="220" hits="13" branch="True" condition-coverage="100% (2/2)">
                  <conditions>
                    <condition number="8" type="jump" coverage="100%" />
                  </conditions>
                </line>
                <line number="221" hits="4" branch="False" />
                <line number="223" hits="9" branch="False" />
                <line number="224" hits="9" branch="False" />
                <line number="225" hits="9" branch="False" />
                <line number="227" hits="24" branch="True" condition-coverage="100% (2/2)">
                  <conditions>
                    <condition number="199" type="jump" coverage="100%" />
                  </conditions>
                </line>
                <line number="228" hits="18" branch="True" condition-coverage="75% (3/4)">
                  <conditions>
                    <condition number="115" type="jump" coverage="50%" />
                    <condition number="135" type="jump" coverage="100%" />
                  </conditions>
                </line>
                <line number="229" hits="5" branch="False" />
                <line number="230" hits="5" branch="False" />
                <line number="231" hits="5" branch="False" />
                <line number="233" hits="9" branch="False" />
              </lines>
            </method>
          </methods>
          <lines>
            <line number="220" hits="13" branch="True" condition-coverage="100% (2/2)">
              <conditions>
                <condition number="8" type="jump" coverage="100%" />
              </conditions>
            </line>
            <line number="221" hits="4" branch="False" />
            <line number="223" hits="9" branch="False" />
            <line number="224" hits="9" branch="False" />
            <line number="225" hits="9" branch="False" />
            <line number="227" hits="24" branch="True" condition-coverage="100% (2/2)">
              <conditions>
                <condition number="199" type="jump" coverage="100%" />
              </conditions>
            </line>
            <line number="228" hits="18" branch="True" condition-coverage="75% (3/4)">
              <conditions>
                <condition number="115" type="jump" coverage="50%" />
                <condition number="135" type="jump" coverage="100%" />
              </conditions>
            </line>
            <line number="229" hits="5" branch="False" />
            <line number="230" hits="5" branch="False" />
            <line number="231" hits="5" branch="False" />
            <line number="233" hits="9" branch="False" />
          </lines>
        </class>
        <class name="Yog.Multi.Model" filename="MultiGraph.fs" line-rate="1" branch-rate="1" complexity="16">
          <methods>
            <method name="empty" signature="(Yog.Model/GraphType)" line-rate="1" branch-rate="1" complexity="1">
              <lines>
                <line number="95" hits="31" branch="False" />
                <line number="96" hits="31" branch="False" />
                <line number="97" hits="31" branch="False" />
                <line number="98" hits="31" branch="False" />
                <line number="99" hits="31" branch="False" />
              </lines>
            </method>
            <method name="addNode" signature="(System.Int32,n,Yog.Multi.MultiGraph`2&lt;n,e&gt;)" line-rate="1" branch-rate="1" complexity="1">
              <lines>
                <line number="108" hits="65" branch="False" />
              </lines>
            </method>
            <method name="addEdge" signature="(System.Int32,System.Int32,e,Yog.Multi.MultiGraph`2&lt;n,e&gt;)" line-rate="1" branch-rate="1" complexity="2">
              <lines>
                <line number="120" hits="145" branch="False" />
                <line number="121" hits="145" branch="False" />
                <line number="127" hits="145" branch="False" />
                <line number="128" hits="145" branch="False" />
                <line number="131" hits="145" branch="True" condition-coverage="100% (2/2)">
                  <conditions>
                    <condition number="113" type="jump" coverage="100%" />
                  </conditions>
                </line>
                <line number="132" hits="129" branch="False" />
                <line number="133" hits="16" branch="False" />
                <line number="135" hits="145" branch="False" />
                <line number="136" hits="145" branch="False" />
                <line number="137" hits="145" branch="False" />
              </lines>
            </method>
            <method name="successors" signature="(System.Int32,Yog.Multi.MultiGraph`2&lt;n,e&gt;)" line-rate="1" branch-rate="1" complexity="2">
              <lines>
                <line number="144" hits="33" branch="False" />
                <line number="145" hits="33" branch="True" condition-coverage="100% (2/2)">
                  <conditions>
                    <condition number="22" type="jump" coverage="100%" />
                  </conditions>
                </line>
                <line number="146" hits="33" branch="False" />
                <line number="147" hits="51" branch="False" />
                <line number="148" hits="81" branch="False" />
                <line number="149" hits="63" branch="False" />
                <line number="150" hits="33" branch="False" />
              </lines>
            </method>
            <method name="toSimpleGraph" signature="(Microsoft.FSharp.Core.FSharpFunc`2&lt;e,Microsoft.FSharp.Core.FSharpFunc`2&lt;e,e&gt;&gt;,Yog.Multi.MultiGraph`2&lt;n,e&gt;)" line-rate="1" branch-rate="1" complexity="8">
              <lines>
                <line number="170" hits="9" branch="False" />
                <line number="173" hits="44" branch="True" condition-coverage="100% (2/2)">
                  <conditions>
                    <condition number="62" type="jump" coverage="100%" />
                  </conditions>
                </line>
                <line number="174" hits="17" branch="False" />
                <line number="177" hits="139" branch="True" condition-coverage="100% (2/2)">
                  <conditions>
                    <condition number="289" type="jump" coverage="100%" />
                  </conditions>
                </line>
                <line number="178" hits="112" branch="False" />
                <line number="182" hits="112" branch="False" />
                <line number="183" hits="112" branch="True" condition-coverage="100% (2/2)">
                  <conditions>
                    <condition number="188" type="jump" coverage="100%" />
                  </conditions>
                </line>
                <line number="185" hits="112" branch="True" condition-coverage="100% (2/2)">
                  <conditions>
                    <condition number="223" type="jump" coverage="100%" />
                  </conditions>
                </line>
                <line number="188" hits="105" branch="False" />
                <line number="189" hits="105" branch="False" />
                <line number="192" hits="7" branch="False" />
                <line number="193" hits="9" branch="False" />
              </lines>
            </method>
            <method name="toSimpleGraphMinEdges" signature="(Microsoft.FSharp.Core.FSharpFunc`2&lt;e,Microsoft.FSharp.Core.FSharpFunc`2&lt;e,System.Int32&gt;&gt;,Yog.Multi.MultiGraph`2&lt;n,e&gt;)" line-rate="1" branch-rate="1" complexity="1">
              <lines>
                <line number="201" hits="1" branch="False" />
              </lines>
            </method>
            <method name="toSimpleGraphSumEdges" signature="(Microsoft.FSharp.Core.FSharpFunc`2&lt;e,Microsoft.FSharp.Core.FSharpFunc`2&lt;e,e&gt;&gt;,Yog.Multi.MultiGraph`2&lt;n,e&gt;)" line-rate="1" branch-rate="1" complexity="1">
              <lines>
                <line number="208" hits="2" branch="False" />
              </lines>
            </method>
          </methods>
          <lines>
            <line number="95" hits="31" branch="False" />
            <line number="96" hits="31" branch="False" />
            <line number="97" hits="31" branch="False" />
            <line number="98" hits="31" branch="False" />
            <line number="99" hits="31" branch="False" />
            <line number="108" hits="65" branch="False" />
            <line number="120" hits="145" branch="False" />
            <line number="121" hits="145" branch="False" />
            <line number="127" hits="145" branch="False" />
            <line number="128" hits="145" branch="False" />
            <line number="131" hits="145" branch="True" condition-coverage="100% (2/2)">
              <conditions>
                <condition number="113" type="jump" coverage="100%" />
              </conditions>
            </line>
            <line number="132" hits="129" branch="False" />
            <line number="133" hits="16" branch="False" />
            <line number="135" hits="145" branch="False" />
            <line number="136" hits="145" branch="False" />
            <line number="137" hits="145" branch="False" />
            <line number="144" hits="33" branch="False" />
            <line number="145" hits="33" branch="True" condition-coverage="100% (2/2)">
              <conditions>
                <condition number="22" type="jump" coverage="100%" />
              </conditions>
            </line>
            <line number="146" hits="33" branch="False" />
            <line number="147" hits="51" branch="False" />
            <line number="148" hits="81" branch="False" />
            <line number="149" hits="63" branch="False" />
            <line number="150" hits="33" branch="False" />
            <line number="170" hits="9" branch="False" />
            <line number="173" hits="44" branch="True" condition-coverage="100% (2/2)">
              <conditions>
                <condition number="62" type="jump" coverage="100%" />
              </conditions>
            </line>
            <line number="174" hits="17" branch="False" />
            <line number="177" hits="139" branch="True" condition-coverage="100% (2/2)">
              <conditions>
                <condition number="289" type="jump" coverage="100%" />
              </conditions>
            </line>
            <line number="178" hits="112" branch="False" />
            <line number="182" hits="112" branch="False" />
            <line number="183" hits="112" branch="True" condition-coverage="100% (2/2)">
              <conditions>
                <condition number="188" type="jump" coverage="100%" />
              </conditions>
            </line>
            <line number="185" hits="112" branch="True" condition-coverage="100% (2/2)">
              <conditions>
                <condition number="223" type="jump" coverage="100%" />
              </conditions>
            </line>
            <line number="188" hits="105" branch="False" />
            <line number="189" hits="105" branch="False" />
            <line number="192" hits="7" branch="False" />
            <line number="193" hits="9" branch="False" />
            <line number="201" hits="1" branch="False" />
            <line number="208" hits="2" branch="False" />
          </lines>
        </class>
        <class name="Yog.Multi.Model/updateMap@123T" filename="MultiGraph.fs" line-rate="1" branch-rate="1" complexity="2">
          <methods>
            <method name="Invoke" signature="(a,Microsoft.FSharp.Collections.FSharpMap`2&lt;a,Microsoft.FSharp.Collections.FSharpList`1&lt;System.Int32&gt;&gt;)" line-rate="1" branch-rate="1" complexity="2">
              <lines>
                <line number="124" hits="644" branch="True" condition-coverage="100% (2/2)">
                  <conditions>
                    <condition number="25" type="jump" coverage="100%" />
                  </conditions>
                </line>
                <line number="125" hits="322" branch="False" />
              </lines>
            </method>
          </methods>
          <lines>
            <line number="124" hits="644" branch="True" condition-coverage="100% (2/2)">
              <conditions>
                <condition number="25" type="jump" coverage="100%" />
              </conditions>
            </line>
            <line number="125" hits="322" branch="False" />
          </lines>
        </class>
        <class name="Yog.Multi.Model/minFn@200" filename="MultiGraph.fs" line-rate="1" branch-rate="1" complexity="2">
          <methods>
            <method name="Invoke" signature="(e,e)" line-rate="1" branch-rate="1" complexity="2">
              <lines>
                <line number="200" hits="4" branch="True" condition-coverage="100% (2/2)">
                  <conditions>
                    <condition number="15" type="jump" coverage="100%" />
                  </conditions>
                </line>
              </lines>
            </method>
          </methods>
          <lines>
            <line number="200" hits="4" branch="True" condition-coverage="100% (2/2)">
              <conditions>
                <condition number="15" type="jump" coverage="100%" />
              </conditions>
            </line>
          </lines>
        </class>
        <class name="Yog.Multi.Model/successors@146" filename="MultiGraph.fs" line-rate="1" branch-rate="0.625" complexity="8">
          <methods />
          <lines />
        </class>
        <class name="Yog.Dag.Algorithms" filename="Dag/Algorithms.fs" line-rate="0.9393" branch-rate="0.8809" complexity="42">
          <methods>
            <method name="topologicalSort" signature="(Yog.Dag.Dag`2&lt;n,e&gt;)" line-rate="0.6666" branch-rate="0.5" complexity="2">
              <lines>
                <line number="48" hits="20" branch="True" condition-coverage="50% (1/2)">
                  <conditions>
                    <condition number="20" type="jump" coverage="50%" />
                  </conditions>
                </line>
                <line number="49" hits="20" branch="False" />
                <line number="50" hits="0" branch="False" />
              </lines>
            </method>
            <method name="longestPath" signature="(Yog.Dag.Dag`2&lt;n,System.Int32&gt;)" line-rate="1" branch-rate="0.9285" complexity="14">
              <lines>
                <line number="80" hits="6" branch="False" />
                <line number="81" hits="6" branch="False" />
                <line number="83" hits="6" branch="False" />
                <line number="84" hits="6" branch="False" />
                <line number="86" hits="29" branch="True" condition-coverage="100% (2/2)">
                  <conditions>
                    <condition number="273" type="jump" coverage="100%" />
                  </conditions>
                </line>
                <line number="87" hits="34" branch="True" condition-coverage="100% (2/2)">
                  <conditions>
                    <condition number="76" type="jump" coverage="100%" />
                  </conditions>
                </line>
                <line number="88" hits="46" branch="True" condition-coverage="100% (2/2)">
                  <conditions>
                    <condition number="253" type="jump" coverage="100%" />
                  </conditions>
                </line>
                <line number="89" hits="12" branch="False" />
                <line number="90" hits="24" branch="True" condition-coverage="100% (2/2)">
                  <conditions>
                    <condition number="176" type="jump" coverage="100%" />
                  </conditions>
                </line>
                <line number="91" hits="12" branch="True" condition-coverage="100% (2/2)">
                  <conditions>
                    <condition number="200" type="jump" coverage="100%" />
                  </conditions>
                </line>
                <line number="92" hits="10" branch="False" />
                <line number="93" hits="10" branch="False" />
                <line number="95" hits="6" branch="False" />
                <line number="96" hits="6" branch="False" />
                <line number="97" hits="6" branch="True" condition-coverage="50% (1/2)">
                  <conditions>
                    <condition number="308" type="jump" coverage="50%" />
                  </conditions>
                </line>
                <line number="98" hits="6" branch="False" />
                <line number="99" hits="6" branch="True" condition-coverage="100% (2/2)">
                  <conditions>
                    <condition number="357" type="jump" coverage="100%" />
                  </conditions>
                </line>
                <line number="100" hits="2" branch="False" />
                <line number="101" hits="6" branch="False" />
                <line number="102" hits="6" branch="False" />
                <line number="103" hits="12" branch="False" />
                <line number="104" hits="8" branch="False" />
                <line number="105" hits="4" branch="False" />
                <line number="106" hits="10" branch="False" />
              </lines>
            </method>
            <method name="transitiveClosure" signature="(Microsoft.FSharp.Core.FSharpFunc`2&lt;e,Microsoft.FSharp.Core.FSharpFunc`2&lt;e,e&gt;&gt;,Yog.Dag.Dag`2&lt;n,e&gt;)" line-rate="0.9129999999999999" branch-rate="0.875" complexity="16">
              <lines>
                <line number="135" hits="3" branch="False" />
                <line number="136" hits="6" branch="False" />
                <line number="137" hits="3" branch="False" />
                <line number="139" hits="15" branch="True" condition-coverage="100% (2/2)">
                  <conditions>
                    <condition number="367" type="jump" coverage="100%" />
                  </conditions>
                </line>
                <line number="140" hits="9" branch="False" />
                <line number="141" hits="25" branch="True" condition-coverage="100% (2/2)">
                  <conditions>
                    <condition number="336" type="jump" coverage="100%" />
                  </conditions>
                </line>
                <line number="142" hits="7" branch="False" />
                <line number="143" hits="7" branch="True" condition-coverage="50% (1/2)">
                  <conditions>
                    <condition number="136" type="jump" coverage="50%" />
                  </conditions>
                </line>
                <line number="145" hits="24" branch="True" condition-coverage="100% (2/2)">
                  <conditions>
                    <condition number="287" type="jump" coverage="100%" />
                  </conditions>
                </line>
                <line number="146" hits="3" branch="False" />
                <line number="148" hits="3" branch="True" condition-coverage="100% (2/2)">
                  <conditions>
                    <condition number="232" type="jump" coverage="100%" />
                  </conditions>
                </line>
                <line number="149" hits="1" branch="False" />
                <line number="150" hits="2" branch="False" />
                <line number="151" hits="3" branch="False" />
                <line number="152" hits="0" branch="False" />
                <line number="153" hits="9" branch="False" />
                <line number="155" hits="3" branch="False" />
                <line number="156" hits="18" branch="True" condition-coverage="100% (2/2)">
                  <conditions>
                    <condition number="534" type="jump" coverage="100%" />
                  </conditions>
                </line>
                <line number="157" hits="36" branch="True" condition-coverage="100% (2/2)">
                  <conditions>
                    <condition number="501" type="jump" coverage="100%" />
                  </conditions>
                </line>
                <line number="158" hits="9" branch="False" />
                <line number="160" hits="3" branch="True" condition-coverage="50% (1/2)">
                  <conditions>
                    <condition number="580" type="jump" coverage="50%" />
                  </conditions>
                </line>
                <line number="161" hits="3" branch="False" />
                <line number="162" hits="0" branch="False" />
              </lines>
            </method>
            <method name="countReachability" signature="(Yog.Dag.Direction,Yog.Dag.Dag`2&lt;n,e&gt;)" line-rate="0.9375" branch-rate="0.9" complexity="10">
              <lines>
                <line number="191" hits="5" branch="False" />
                <line number="193" hits="5" branch="True" condition-coverage="100% (2/2)">
                  <conditions>
                    <condition number="15" type="jump" coverage="100%" />
                  </conditions>
                </line>
                <line number="194" hits="6" branch="False" />
                <line number="195" hits="2" branch="False" />
                <line number="197" hits="5" branch="False" />
                <line number="199" hits="26" branch="True" condition-coverage="100% (2/2)">
                  <conditions>
                    <condition number="258" type="jump" coverage="100%" />
                  </conditions>
                </line>
                <line number="201" hits="16" branch="True" condition-coverage="100% (2/2)">
                  <conditions>
                    <condition number="83" type="jump" coverage="100%" />
                  </conditions>
                </line>
                <line number="202" hits="18" branch="False" />
                <line number="203" hits="14" branch="False" />
                <line number="205" hits="16" branch="False" />
                <line number="206" hits="43" branch="True" condition-coverage="100% (2/2)">
                  <conditions>
                    <condition number="230" type="jump" coverage="100%" />
                  </conditions>
                </line>
                <line number="207" hits="11" branch="True" condition-coverage="50% (1/2)">
                  <conditions>
                    <condition number="182" type="jump" coverage="50%" />
                  </conditions>
                </line>
                <line number="208" hits="11" branch="False" />
                <line number="209" hits="0" branch="False" />
                <line number="210" hits="16" branch="False" />
                <line number="212" hits="26" branch="False" />
              </lines>
            </method>
          </methods>
          <lines>
            <line number="48" hits="20" branch="True" condition-coverage="50% (1/2)">
              <conditions>
                <condition number="20" type="jump" coverage="50%" />
              </conditions>
            </line>
            <line number="49" hits="20" branch="False" />
            <line number="50" hits="0" branch="False" />
            <line number="80" hits="6" branch="False" />
            <line number="81" hits="6" branch="False" />
            <line number="83" hits="6" branch="False" />
            <line number="84" hits="6" branch="False" />
            <line number="86" hits="29" branch="True" condition-coverage="100% (2/2)">
              <conditions>
                <condition number="273" type="jump" coverage="100%" />
              </conditions>
            </line>
            <line number="87" hits="34" branch="True" condition-coverage="100% (2/2)">
              <conditions>
                <condition number="76" type="jump" coverage="100%" />
              </conditions>
            </line>
            <line number="88" hits="46" branch="True" condition-coverage="100% (2/2)">
              <conditions>
                <condition number="253" type="jump" coverage="100%" />
              </conditions>
            </line>
            <line number="89" hits="12" branch="False" />
            <line number="90" hits="24" branch="True" condition-coverage="100% (2/2)">
              <conditions>
                <condition number="176" type="jump" coverage="100%" />
              </conditions>
            </line>
            <line number="91" hits="12" branch="True" condition-coverage="100% (2/2)">
              <conditions>
                <condition number="200" type="jump" coverage="100%" />
              </conditions>
            </line>
            <line number="92" hits="10" branch="False" />
            <line number="93" hits="10" branch="False" />
            <line number="95" hits="6" branch="False" />
            <line number="96" hits="6" branch="False" />
            <line number="97" hits="6" branch="True" condition-coverage="50% (1/2)">
              <conditions>
                <condition number="308" type="jump" coverage="50%" />
              </conditions>
            </line>
            <line number="98" hits="6" branch="False" />
            <line number="99" hits="6" branch="True" condition-coverage="100% (2/2)">
              <conditions>
                <condition number="357" type="jump" coverage="100%" />
              </conditions>
            </line>
            <line number="100" hits="2" branch="False" />
            <line number="101" hits="6" branch="False" />
            <line number="102" hits="6" branch="False" />
            <line number="103" hits="12" branch="False" />
            <line number="104" hits="8" branch="False" />
            <line number="105" hits="4" branch="False" />
            <line number="106" hits="10" branch="False" />
            <line number="135" hits="3" branch="False" />
            <line number="136" hits="6" branch="False" />
            <line number="137" hits="3" branch="False" />
            <line number="139" hits="15" branch="True" condition-coverage="100% (2/2)">
              <conditions>
                <condition number="367" type="jump" coverage="100%" />
              </conditions>
            </line>
            <line number="140" hits="9" branch="False" />
            <line number="141" hits="25" branch="True" condition-coverage="100% (2/2)">
              <conditions>
                <condition number="336" type="jump" coverage="100%" />
              </conditions>
            </line>
            <line number="142" hits="7" branch="False" />
            <line number="143" hits="7" branch="True" condition-coverage="50% (1/2)">
              <conditions>
                <condition number="136" type="jump" coverage="50%" />
              </conditions>
            </line>
            <line number="145" hits="24" branch="True" condition-coverage="100% (2/2)">
              <conditions>
                <condition number="287" type="jump" coverage="100%" />
              </conditions>
            </line>
            <line number="146" hits="3" branch="False" />
            <line number="148" hits="3" branch="True" condition-coverage="100% (2/2)">
              <conditions>
                <condition number="232" type="jump" coverage="100%" />
              </conditions>
            </line>
            <line number="149" hits="1" branch="False" />
            <line number="150" hits="2" branch="False" />
            <line number="151" hits="3" branch="False" />
            <line number="152" hits="0" branch="False" />
            <line number="153" hits="9" branch="False" />
            <line number="155" hits="3" branch="False" />
            <line number="156" hits="18" branch="True" condition-coverage="100% (2/2)">
              <conditions>
                <condition number="534" type="jump" coverage="100%" />
              </conditions>
            </line>
            <line number="157" hits="36" branch="True" condition-coverage="100% (2/2)">
              <conditions>
                <condition number="501" type="jump" coverage="100%" />
              </conditions>
            </line>
            <line number="158" hits="9" branch="False" />
            <line number="160" hits="3" branch="True" condition-coverage="50% (1/2)">
              <conditions>
                <condition number="580" type="jump" coverage="50%" />
              </conditions>
            </line>
            <line number="161" hits="3" branch="False" />
            <line number="162" hits="0" branch="False" />
            <line number="191" hits="5" branch="False" />
            <line number="193" hits="5" branch="True" condition-coverage="100% (2/2)">
              <conditions>
                <condition number="15" type="jump" coverage="100%" />
              </conditions>
            </line>
            <line number="194" hits="6" branch="False" />
            <line number="195" hits="2" branch="False" />
            <line number="197" hits="5" branch="False" />
            <line number="199" hits="26" branch="True" condition-coverage="100% (2/2)">
              <conditions>
                <condition number="258" type="jump" coverage="100%" />
              </conditions>
            </line>
            <line number="201" hits="16" branch="True" condition-coverage="100% (2/2)">
              <conditions>
                <condition number="83" type="jump" coverage="100%" />
              </conditions>
            </line>
            <line number="202" hits="18" branch="False" />
            <line number="203" hits="14" branch="False" />
            <line number="205" hits="16" branch="False" />
            <line number="206" hits="43" branch="True" condition-coverage="100% (2/2)">
              <conditions>
                <condition number="230" type="jump" coverage="100%" />
              </conditions>
            </line>
            <line number="207" hits="11" branch="True" condition-coverage="50% (1/2)">
              <conditions>
                <condition number="182" type="jump" coverage="50%" />
              </conditions>
            </line>
            <line number="208" hits="11" branch="False" />
            <line number="209" hits="0" branch="False" />
            <line number="210" hits="16" branch="False" />
            <line number="212" hits="26" branch="False" />
          </lines>
        </class>
        <class name="Yog.Dag.Algorithms/reconstruct@103" filename="Dag/Algorithms.fs" line-rate="1" branch-rate="1" complexity="2">
          <methods />
          <lines />
        </class>
        <class name="Yog.Builder.Grid" filename="Builder/Grid.fs" line-rate="1" branch-rate="1" complexity="45">
          <methods>
            <method name="coordToId" signature="(System.Int32,System.Int32,System.Int32)" line-rate="1" branch-rate="1" complexity="1">
              <lines>
                <line number="27" hits="130" branch="False" />
              </lines>
            </method>
            <method name="idToCoord" signature="(System.Int32,System.Int32)" line-rate="1" branch-rate="1" complexity="1">
              <lines>
                <line number="30" hits="13" branch="False" />
              </lines>
            </method>
            <method name="fromArray2D" signature="(n[0...,0...],Yog.Model/GraphType,System.Collections.Generic.IEnumerable`1&lt;System.Tuple`2&lt;System.Int32,System.Int32&gt;&gt;,Microsoft.FSharp.Core.FSharpFunc`2&lt;n,Microsoft.FSharp.Core.FSharpFunc`2&lt;n,System.Boolean&gt;&gt;)" line-rate="1" branch-rate="1" complexity="28">
              <lines>
                <line number="34" hits="6" branch="False" />
                <line number="35" hits="6" branch="False" />
                <line number="36" hits="6" branch="False" />
                <line number="39" hits="18" branch="True" condition-coverage="100% (4/4)">
                  <conditions>
                    <condition number="31" type="jump" coverage="100%" />
                    <condition number="103" type="jump" coverage="100%" />
                  </conditions>
                </line>
                <line number="40" hits="40" branch="True" condition-coverage="100% (4/4)">
                  <conditions>
                    <condition number="45" type="jump" coverage="100%" />
                    <condition number="90" type="jump" coverage="100%" />
                  </conditions>
                </line>
                <line number="41" hits="28" branch="False" />
                <line number="42" hits="28" branch="False" />
                <line number="45" hits="18" branch="True" condition-coverage="100% (4/4)">
                  <conditions>
                    <condition number="117" type="jump" coverage="100%" />
                    <condition number="408" type="jump" coverage="100%" />
                  </conditions>
                </line>
                <line number="46" hits="40" branch="True" condition-coverage="100% (4/4)">
                  <conditions>
                    <condition number="134" type="jump" coverage="100%" />
                    <condition number="391" type="jump" coverage="100%" />
                  </conditions>
                </line>
                <line number="47" hits="28" branch="False" />
                <line number="48" hits="28" branch="False" />
                <line number="50" hits="196" branch="True" condition-coverage="100% (2/2)">
                  <conditions>
                    <condition number="350" type="jump" coverage="100%" />
                  </conditions>
                </line>
                <line number="51" hits="112" branch="False" />
                <line number="52" hits="478" branch="True" condition-coverage="100% (8/8)">
                  <conditions>
                    <condition number="246" type="jump" coverage="100%" />
                    <condition number="258" type="jump" coverage="100%" />
                    <condition number="273" type="jump" coverage="100%" />
                    <condition number="285" type="jump" coverage="100%" />
                  </conditions>
                </line>
                <line number="53" hits="60" branch="False" />
                <line number="54" hits="60" branch="False" />
                <line number="55" hits="60" branch="True" condition-coverage="100% (2/2)">
                  <conditions>
                    <condition number="322" type="jump" coverage="100%" />
                  </conditions>
                </line>
                <line number="56" hits="56" branch="False" />
                <line number="58" hits="6" branch="False" />
              </lines>
            </method>
            <method name="manhattanDistance" signature="(System.Int32,System.Int32,System.Int32)" line-rate="1" branch-rate="1" complexity="1">
              <lines>
                <line number="62" hits="2" branch="False" />
                <line number="63" hits="2" branch="False" />
                <line number="64" hits="2" branch="False" />
              </lines>
            </method>
            <method name="avoiding" signature="(a,a,a)" line-rate="1" branch-rate="1" complexity="2">
              <lines>
                <line number="67" hits="7" branch="True" condition-coverage="100% (2/2)">
                  <conditions>
                    <condition number="14" type="jump" coverage="100%" />
                  </conditions>
                </line>
              </lines>
            </method>
            <method name="walkable" signature="(a,a,a)" line-rate="1" branch-rate="1" complexity="2">
              <lines>
                <line number="68" hits="5" branch="True" condition-coverage="100% (2/2)">
                  <conditions>
                    <condition number="11" type="jump" coverage="100%" />
                  </conditions>
                </line>
              </lines>
            </method>
            <method name="always" signature="(a,b)" line-rate="1" branch-rate="1" complexity="1">
              <lines>
                <line number="69" hits="33" branch="False" />
              </lines>
            </method>
            <method name="toGraph" signature="(Yog.Builder.Grid`2&lt;a,b&gt;)" line-rate="1" branch-rate="1" complexity="1">
              <lines>
                <line number="72" hits="1" branch="False" />
              </lines>
            </method>
            <method name="getCell" signature="(System.Int32,System.Int32,Yog.Builder.Grid`2&lt;a,b&gt;)" line-rate="1" branch-rate="1" complexity="8">
              <lines>
                <line number="75" hits="10" branch="True" condition-coverage="100% (8/8)">
                  <conditions>
                    <condition number="3" type="jump" coverage="100%" />
                    <condition number="19" type="jump" coverage="100%" />
                    <condition number="33" type="jump" coverage="100%" />
                    <condition number="49" type="jump" coverage="100%" />
                  </conditions>
                </line>
                <line number="76" hits="1" branch="False" />
                <line number="77" hits="2" branch="False" />
              </lines>
            </method>
          </methods>
          <lines>
            <line number="27" hits="130" branch="False" />
            <line number="30" hits="13" branch="False" />
            <line number="34" hits="6" branch="False" />
            <line number="35" hits="6" branch="False" />
            <line number="36" hits="6" branch="False" />
            <line number="39" hits="18" branch="True" condition-coverage="100% (4/4)">
              <conditions>
                <condition number="31" type="jump" coverage="100%" />
                <condition number="103" type="jump" coverage="100%" />
              </conditions>
            </line>
            <line number="40" hits="40" branch="True" condition-coverage="100% (4/4)">
              <conditions>
                <condition number="45" type="jump" coverage="100%" />
                <condition number="90" type="jump" coverage="100%" />
              </conditions>
            </line>
            <line number="41" hits="28" branch="False" />
            <line number="42" hits="28" branch="False" />
            <line number="45" hits="18" branch="True" condition-coverage="100% (4/4)">
              <conditions>
                <condition number="117" type="jump" coverage="100%" />
                <condition number="408" type="jump" coverage="100%" />
              </conditions>
            </line>
            <line number="46" hits="40" branch="True" condition-coverage="100% (4/4)">
              <conditions>
                <condition number="134" type="jump" coverage="100%" />
                <condition number="391" type="jump" coverage="100%" />
              </conditions>
            </line>
            <line number="47" hits="28" branch="False" />
            <line number="48" hits="28" branch="False" />
            <line number="50" hits="196" branch="True" condition-coverage="100% (2/2)">
              <conditions>
                <condition number="350" type="jump" coverage="100%" />
              </conditions>
            </line>
            <line number="51" hits="112" branch="False" />
            <line number="52" hits="478" branch="True" condition-coverage="100% (8/8)">
              <conditions>
                <condition number="246" type="jump" coverage="100%" />
                <condition number="258" type="jump" coverage="100%" />
                <condition number="273" type="jump" coverage="100%" />
                <condition number="285" type="jump" coverage="100%" />
              </conditions>
            </line>
            <line number="53" hits="60" branch="False" />
            <line number="54" hits="60" branch="False" />
            <line number="55" hits="60" branch="True" condition-coverage="100% (2/2)">
              <conditions>
                <condition number="322" type="jump" coverage="100%" />
              </conditions>
            </line>
            <line number="56" hits="56" branch="False" />
            <line number="58" hits="6" branch="False" />
            <line number="62" hits="2" branch="False" />
            <line number="63" hits="2" branch="False" />
            <line number="64" hits="2" branch="False" />
            <line number="67" hits="7" branch="True" condition-coverage="100% (2/2)">
              <conditions>
                <condition number="14" type="jump" coverage="100%" />
              </conditions>
            </line>
            <line number="68" hits="5" branch="True" condition-coverage="100% (2/2)">
              <conditions>
                <condition number="11" type="jump" coverage="100%" />
              </conditions>
            </line>
            <line number="69" hits="33" branch="False" />
            <line number="72" hits="1" branch="False" />
            <line number="75" hits="10" branch="True" condition-coverage="100% (8/8)">
              <conditions>
                <condition number="3" type="jump" coverage="100%" />
                <condition number="19" type="jump" coverage="100%" />
                <condition number="33" type="jump" coverage="100%" />
                <condition number="49" type="jump" coverage="100%" />
              </conditions>
            </line>
            <line number="76" hits="1" branch="False" />
            <line number="77" hits="2" branch="False" />
          </lines>
        </class>
        <class name="&lt;StartupCode$Yog-FSharp&gt;.$Grid" filename="Builder/Grid.fs" line-rate="1" branch-rate="1" complexity="1">
          <methods>
            <method name=".cctor" signature="()" line-rate="1" branch-rate="1" complexity="1">
              <lines>
                <line number="15" hits="1" branch="False" />
                <line number="18" hits="1" branch="False" />
                <line number="21" hits="1" branch="False" />
                <line number="24" hits="1" branch="False" />
              </lines>
            </method>
          </methods>
          <lines>
            <line number="15" hits="1" branch="False" />
            <line number="18" hits="1" branch="False" />
            <line number="21" hits="1" branch="False" />
            <line number="24" hits="1" branch="False" />
          </lines>
        </class>
        <class name="Yog.Builder.Live" filename="Builder/Live.fs" line-rate="0.5227" branch-rate="0.2" complexity="18">
          <methods>
            <method name="create" signature="()" line-rate="1" branch-rate="1" complexity="1">
              <lines>
                <line number="78" hits="2" branch="False" />
                <line number="79" hits="2" branch="False" />
                <line number="80" hits="2" branch="False" />
                <line number="81" hits="2" branch="False" />
                <line number="82" hits="2" branch="False" />
              </lines>
            </method>
            <method name="ensureNode" signature="(a,Yog.Builder.LiveBuilder`2&lt;a,b&gt;)" line-rate="0.8571" branch-rate="0.5" complexity="2">
              <lines>
                <line number="86" hits="2" branch="True" condition-coverage="50% (1/2)">
                  <conditions>
                    <condition number="14" type="jump" coverage="50%" />
                  </conditions>
                </line>
                <line number="87" hits="0" branch="False" />
                <line number="89" hits="2" branch="False" />
                <line number="91" hits="2" branch="False" />
                <line number="92" hits="2" branch="False" />
                <line number="93" hits="2" branch="False" />
                <line number="94" hits="2" branch="False" />
              </lines>
            </method>
            <method name="addEdge" signature="(a,a,b,Yog.Builder.LiveBuilder`2&lt;a,b&gt;)" line-rate="1" branch-rate="1" complexity="1">
              <lines>
                <line number="107" hits="1" branch="False" />
                <line number="108" hits="1" branch="False" />
                <line number="110" hits="1" branch="False" />
              </lines>
            </method>
            <method name="addSimpleEdge" signature="(a,a,Yog.Builder.LiveBuilder`2&lt;a,System.Int32&gt;)" line-rate="0" branch-rate="1" complexity="1">
              <lines>
                <line number="114" hits="0" branch="False" />
              </lines>
            </method>
            <method name="removeEdge" signature="(a,a,Yog.Builder.LiveBuilder`2&lt;a,b&gt;)" line-rate="0" branch-rate="0" complexity="4">
              <lines>
                <line number="120" hits="0" branch="True" condition-coverage="0% (0/4)">
                  <conditions>
                    <condition number="36" type="jump" coverage="0%" />
                    <condition number="51" type="jump" coverage="0%" />
                  </conditions>
                </line>
                <line number="123" hits="0" branch="False" />
                <line number="124" hits="0" branch="False" />
              </lines>
            </method>
            <method name="removeNode" signature="(a,Yog.Builder.LiveBuilder`2&lt;a,b&gt;)" line-rate="0" branch-rate="0" complexity="2">
              <lines>
                <line number="130" hits="0" branch="True" condition-coverage="0% (0/2)">
                  <conditions>
                    <condition number="14" type="jump" coverage="0%" />
                  </conditions>
                </line>
                <line number="133" hits="0" branch="False" />
                <line number="134" hits="0" branch="False" />
                <line number="135" hits="0" branch="False" />
                <line number="136" hits="0" branch="False" />
              </lines>
            </method>
            <method name="sync" signature="(Yog.Builder.LiveBuilder`2&lt;n,e&gt;,Yog.Model/Graph`2&lt;n,e&gt;)" line-rate="0.7272" branch-rate="0.5" complexity="2">
              <lines>
                <line number="156" hits="1" branch="True" condition-coverage="50% (1/2)">
                  <conditions>
                    <condition number="12" type="jump" coverage="50%" />
                  </conditions>
                </line>
                <line number="157" hits="0" branch="False" />
                <line number="160" hits="1" branch="False" />
                <line number="163" hits="3" branch="False" />
                <line number="164" hits="3" branch="False" />
                <line number="165" hits="2" branch="False" />
                <line number="166" hits="1" branch="False" />
                <line number="167" hits="0" branch="False" />
                <line number="168" hits="0" branch="False" />
                <line number="169" hits="1" branch="False" />
                <line number="171" hits="1" branch="False" />
              </lines>
            </method>
            <method name="purgePending" signature="(Yog.Builder.LiveBuilder`2&lt;a,b&gt;)" line-rate="0" branch-rate="1" complexity="1">
              <lines>
                <line number="179" hits="0" branch="False" />
              </lines>
            </method>
            <method name="getId" signature="(a,Yog.Builder.LiveBuilder`2&lt;a,b&gt;)" line-rate="0" branch-rate="1" complexity="1">
              <lines>
                <line number="185" hits="0" branch="False" />
              </lines>
            </method>
            <method name="allLabels" signature="(Yog.Builder.LiveBuilder`2&lt;a,b&gt;)" line-rate="0" branch-rate="1" complexity="1">
              <lines>
                <line number="188" hits="0" branch="False" />
              </lines>
            </method>
            <method name="pendingCount" signature="(Yog.Builder.LiveBuilder`2&lt;a,b&gt;)" line-rate="1" branch-rate="1" complexity="1">
              <lines>
                <line number="191" hits="1" branch="False" />
              </lines>
            </method>
            <method name="fromLabeled" signature="(Yog.Builder.LabeledBuilder`2&lt;n,e&gt;)" line-rate="0" branch-rate="1" complexity="1">
              <lines>
                <line number="202" hits="0" branch="False" />
                <line number="203" hits="0" branch="False" />
                <line number="204" hits="0" branch="False" />
                <line number="205" hits="0" branch="False" />
                <line number="206" hits="0" branch="False" />
              </lines>
            </method>
          </methods>
          <lines>
            <line number="78" hits="2" branch="False" />
            <line number="79" hits="2" branch="False" />
            <line number="80" hits="2" branch="False" />
            <line number="81" hits="2" branch="False" />
            <line number="82" hits="2" branch="False" />
            <line number="86" hits="2" branch="True" condition-coverage="50% (1/2)">
              <conditions>
                <condition number="14" type="jump" coverage="50%" />
              </conditions>
            </line>
            <line number="87" hits="0" branch="False" />
            <line number="89" hits="2" branch="False" />
            <line number="91" hits="2" branch="False" />
            <line number="92" hits="2" branch="False" />
            <line number="93" hits="2" branch="False" />
            <line number="94" hits="2" branch="False" />
            <line number="107" hits="1" branch="False" />
            <line number="108" hits="1" branch="False" />
            <line number="110" hits="1" branch="False" />
            <line number="114" hits="0" branch="False" />
            <line number="120" hits="0" branch="True" condition-coverage="0% (0/4)">
              <conditions>
                <condition number="36" type="jump" coverage="0%" />
                <condition number="51" type="jump" coverage="0%" />
              </conditions>
            </line>
            <line number="123" hits="0" branch="False" />
            <line number="124" hits="0" branch="False" />
            <line number="130" hits="0" branch="True" condition-coverage="0% (0/2)">
              <conditions>
                <condition number="14" type="jump" coverage="0%" />
              </conditions>
            </line>
            <line number="133" hits="0" branch="False" />
            <line number="134" hits="0" branch="False" />
            <line number="135" hits="0" branch="False" />
            <line number="136" hits="0" branch="False" />
            <line number="156" hits="1" branch="True" condition-coverage="50% (1/2)">
              <conditions>
                <condition number="12" type="jump" coverage="50%" />
              </conditions>
            </line>
            <line number="157" hits="0" branch="False" />
            <line number="160" hits="1" branch="False" />
            <line number="163" hits="3" branch="False" />
            <line number="164" hits="3" branch="False" />
            <line number="165" hits="2" branch="False" />
            <line number="166" hits="1" branch="False" />
            <line number="167" hits="0" branch="False" />
            <line number="168" hits="0" branch="False" />
            <line number="169" hits="1" branch="False" />
            <line number="171" hits="1" branch="False" />
            <line number="179" hits="0" branch="False" />
            <line number="185" hits="0" branch="False" />
            <line number="188" hits="0" branch="False" />
            <line number="191" hits="1" branch="False" />
            <line number="202" hits="0" branch="False" />
            <line number="203" hits="0" branch="False" />
            <line number="204" hits="0" branch="False" />
            <line number="205" hits="0" branch="False" />
            <line number="206" hits="0" branch="False" />
          </lines>
        </class>
        <class name="Yog.Builder.Live/updatedGraph@163" filename="Builder/Live.fs" line-rate="1" branch-rate="0.6" complexity="5">
          <methods />
          <lines />
        </class>
        <class name="Yog.Builder.Labeled" filename="Builder/Labeled.fs" line-rate="0.6285000000000001" branch-rate="0.3333" complexity="17">
          <methods>
            <method name="create" signature="(Yog.Model/GraphType)" line-rate="1" branch-rate="1" complexity="1">
              <lines>
                <line number="65" hits="4" branch="False" />
                <line number="66" hits="4" branch="False" />
                <line number="67" hits="4" branch="False" />
                <line number="68" hits="4" branch="False" />
                <line number="69" hits="4" branch="False" />
              </lines>
            </method>
            <method name="directed" signature="()" line-rate="1" branch-rate="1" complexity="1">
              <lines>
                <line number="77" hits="2" branch="False" />
              </lines>
            </method>
            <method name="undirected" signature="()" line-rate="1" branch-rate="1" complexity="1">
              <lines>
                <line number="85" hits="1" branch="False" />
              </lines>
            </method>
            <method name="ensureNode" signature="(Label,Yog.Builder.LabeledBuilder`2&lt;Label,E&gt;)" line-rate="1" branch-rate="1" complexity="2">
              <lines>
                <line number="95" hits="4" branch="True" condition-coverage="100% (2/2)">
                  <conditions>
                    <condition number="14" type="jump" coverage="100%" />
                  </conditions>
                </line>
                <line number="96" hits="1" branch="False" />
                <line number="98" hits="3" branch="False" />
                <line number="99" hits="3" branch="False" />
                <line number="100" hits="3" branch="False" />
                <line number="101" hits="3" branch="False" />
                <line number="102" hits="3" branch="False" />
                <line number="103" hits="3" branch="False" />
                <line number="104" hits="3" branch="False" />
              </lines>
            </method>
            <method name="addNode" signature="(Label,Yog.Builder.LabeledBuilder`2&lt;Label,E&gt;)" line-rate="0" branch-rate="1" complexity="1">
              <lines>
                <line number="115" hits="0" branch="False" />
                <line number="116" hits="0" branch="False" />
              </lines>
            </method>
            <method name="addEdge" signature="(Label,Label,E,Yog.Builder.LabeledBuilder`2&lt;Label,E&gt;)" line-rate="1" branch-rate="1" complexity="1">
              <lines>
                <line number="133" hits="2" branch="False" />
                <line number="134" hits="2" branch="False" />
                <line number="135" hits="2" branch="False" />
                <line number="136" hits="2" branch="False" />
              </lines>
            </method>
            <method name="addSimpleEdge" signature="(Label,Label,Yog.Builder.LabeledBuilder`2&lt;Label,System.Int32&gt;)" line-rate="0" branch-rate="1" complexity="1">
              <lines>
                <line number="147" hits="0" branch="False" />
              </lines>
            </method>
            <method name="getId" signature="(Label,Yog.Builder.LabeledBuilder`2&lt;Label,E&gt;)" line-rate="0" branch-rate="1" complexity="1">
              <lines>
                <line number="154" hits="0" branch="False" />
              </lines>
            </method>
            <method name="toGraph" signature="(Yog.Builder.LabeledBuilder`2&lt;Label,E&gt;)" line-rate="1" branch-rate="1" complexity="1">
              <lines>
                <line number="160" hits="1" branch="False" />
              </lines>
            </method>
            <method name="fromList" signature="(Yog.Model/GraphType,Microsoft.FSharp.Collections.FSharpList`1&lt;System.Tuple`3&lt;L,L,E&gt;&gt;)" line-rate="1" branch-rate="1" complexity="1">
              <lines>
                <line number="170" hits="4" branch="False" />
              </lines>
            </method>
            <method name="allLabels" signature="(Yog.Builder.LabeledBuilder`2&lt;L,E&gt;)" line-rate="0" branch-rate="1" complexity="1">
              <lines>
                <line number="174" hits="0" branch="False" />
              </lines>
            </method>
            <method name="mapIdsToLabels" signature="(Microsoft.FSharp.Collections.FSharpList`1&lt;System.Tuple`2&lt;System.Int32,E&gt;&gt;,Yog.Model/Graph`2&lt;L,E&gt;)" line-rate="0" branch-rate="1" complexity="1">
              <lines>
                <line number="178" hits="0" branch="False" />
                <line number="179" hits="0" branch="False" />
                <line number="180" hits="0" branch="False" />
                <line number="181" hits="0" branch="False" />
              </lines>
            </method>
            <method name="successors" signature="(Label,Yog.Builder.LabeledBuilder`2&lt;Label,E&gt;)" line-rate="0" branch-rate="0" complexity="2">
              <lines>
                <line number="188" hits="0" branch="False" />
                <line number="189" hits="0" branch="True" condition-coverage="0% (0/2)">
                  <conditions>
                    <condition number="11" type="jump" coverage="0%" />
                  </conditions>
                </line>
              </lines>
            </method>
            <method name="predecessors" signature="(Label,Yog.Builder.LabeledBuilder`2&lt;Label,E&gt;)" line-rate="0" branch-rate="0" complexity="2">
              <lines>
                <line number="196" hits="0" branch="False" />
                <line number="197" hits="0" branch="True" condition-coverage="0% (0/2)">
                  <conditions>
                    <condition number="11" type="jump" coverage="0%" />
                  </conditions>
                </line>
              </lines>
            </method>
          </methods>
          <lines>
            <line number="65" hits="4" branch="False" />
            <line number="66" hits="4" branch="False" />
            <line number="67" hits="4" branch="False" />
            <line number="68" hits="4" branch="False" />
            <line number="69" hits="4" branch="False" />
            <line number="77" hits="2" branch="False" />
            <line number="85" hits="1" branch="False" />
            <line number="95" hits="4" branch="True" condition-coverage="100% (2/2)">
              <conditions>
                <condition number="14" type="jump" coverage="100%" />
              </conditions>
            </line>
            <line number="96" hits="1" branch="False" />
            <line number="98" hits="3" branch="False" />
            <line number="99" hits="3" branch="False" />
            <line number="100" hits="3" branch="False" />
            <line number="101" hits="3" branch="False" />
            <line number="102" hits="3" branch="False" />
            <line number="103" hits="3" branch="False" />
            <line number="104" hits="3" branch="False" />
            <line number="115" hits="0" branch="False" />
            <line number="116" hits="0" branch="False" />
            <line number="133" hits="2" branch="False" />
            <line number="134" hits="2" branch="False" />
            <line number="135" hits="2" branch="False" />
            <line number="136" hits="2" branch="False" />
            <line number="147" hits="0" branch="False" />
            <line number="154" hits="0" branch="False" />
            <line number="160" hits="1" branch="False" />
            <line number="170" hits="4" branch="False" />
            <line number="174" hits="0" branch="False" />
            <line number="178" hits="0" branch="False" />
            <line number="179" hits="0" branch="False" />
            <line number="180" hits="0" branch="False" />
            <line number="181" hits="0" branch="False" />
            <line number="188" hits="0" branch="False" />
            <line number="189" hits="0" branch="True" condition-coverage="0% (0/2)">
              <conditions>
                <condition number="11" type="jump" coverage="0%" />
              </conditions>
            </line>
            <line number="196" hits="0" branch="False" />
            <line number="197" hits="0" branch="True" condition-coverage="0% (0/2)">
              <conditions>
                <condition number="11" type="jump" coverage="0%" />
              </conditions>
            </line>
          </lines>
        </class>
        <class name="Yog.Builder.Labeled/mapIdsToLabels@178" filename="Builder/Labeled.fs" line-rate="1" branch-rate="0" complexity="2">
          <methods />
          <lines />
        </class>
        <class name="Yog.Generators.Random" filename="Generators.fs" line-rate="1" branch-rate="0.9481999999999999" complexity="58">
          <methods>
            <method name="erdosRenyiGnp" signature="(System.Int32,System.Double,Yog.Model/GraphType)" line-rate="1" branch-rate="1" complexity="14">
              <lines>
                <line number="250" hits="4" branch="False" />
                <line number="251" hits="129" branch="True" condition-coverage="100% (4/4)">
                  <conditions>
                    <condition number="21" type="jump" coverage="100%" />
                    <condition number="139" type="jump" coverage="100%" />
                  </conditions>
                </line>
                <line number="252" hits="250" branch="True" condition-coverage="100% (2/2)">
                  <conditions>
                    <condition number="51" type="jump" coverage="100%" />
                  </conditions>
                </line>
                <line number="253" hits="5230" branch="True" condition-coverage="100% (4/4)">
                  <conditions>
                    <condition number="74" type="jump" coverage="100%" />
                    <condition number="129" type="jump" coverage="100%" />
                  </conditions>
                </line>
                <line number="254" hits="15305" branch="True" condition-coverage="100% (4/4)">
                  <conditions>
                    <condition number="80" type="jump" coverage="100%" />
                    <condition number="100" type="jump" coverage="100%" />
                  </conditions>
                </line>
                <line number="255" hits="2606" branch="False" />
                <line number="256" hits="4" branch="False" />
              </lines>
            </method>
            <method name="barabasiAlbert" signature="(System.Int32,System.Int32,Yog.Model/GraphType)" line-rate="1" branch-rate="0.875" complexity="24">
              <lines>
                <line number="290" hits="12" branch="True" condition-coverage="100% (4/4)">
                  <conditions>
                    <condition number="3" type="jump" coverage="100%" />
                    <condition number="14" type="jump" coverage="100%" />
                  </conditions>
                </line>
                <line number="292" hits="3" branch="True" condition-coverage="50% (1/2)">
                  <conditions>
                    <condition number="29" type="jump" coverage="50%" />
                  </conditions>
                </line>
                <line number="293" hits="3" branch="False" />
                <line number="295" hits="150" branch="True" condition-coverage="100% (4/4)">
                  <conditions>
                    <condition number="58" type="jump" coverage="100%" />
                    <condition number="363" type="jump" coverage="100%" />
                  </conditions>
                </line>
                <line number="296" hits="147" branch="False" />
                <line number="298" hits="147" branch="False" />
                <line number="299" hits="6619" branch="True" condition-coverage="100% (2/2)">
                  <conditions>
                    <condition number="256" type="jump" coverage="100%" />
                  </conditions>
                </line>
                <line number="300" hits="6325" branch="True" condition-coverage="100% (2/2)">
                  <conditions>
                    <condition number="116" type="jump" coverage="100%" />
                  </conditions>
                </line>
                <line number="301" hits="12356" branch="True" condition-coverage="50% (1/2)">
                  <conditions>
                    <condition number="146" type="jump" coverage="50%" />
                  </conditions>
                </line>
                <line number="302" hits="76786" branch="True" condition-coverage="83.33% (5/6)">
                  <conditions>
                    <condition number="194" type="jump" coverage="50%" />
                    <condition number="210" type="jump" coverage="100%" />
                    <condition number="235" type="jump" coverage="100%" />
                  </conditions>
                </line>
                <line number="306" hits="147" branch="False" />
                <line number="307" hits="35451" branch="False" />
                <line number="308" hits="147" branch="False" />
                <line number="309" hits="147" branch="False" />
                <line number="311" hits="732" branch="True" condition-coverage="100% (2/2)">
                  <conditions>
                    <condition number="349" type="jump" coverage="100%" />
                  </conditions>
                </line>
                <line number="312" hits="438" branch="False" />
                <line number="313" hits="3" branch="False" />
              </lines>
            </method>
            <method name="wattsStrogatz" signature="(System.Int32,System.Int32,System.Double,Yog.Model/GraphType)" line-rate="1" branch-rate="1" complexity="20">
              <lines>
                <line number="349" hits="20" branch="True" condition-coverage="100% (6/6)">
                  <conditions>
                    <condition number="3" type="jump" coverage="100%" />
                    <condition number="14" type="jump" coverage="100%" />
                    <condition number="28" type="jump" coverage="100%" />
                  </conditions>
                </line>
                <line number="351" hits="3" branch="False" />
                <line number="352" hits="3" branch="False" />
                <line number="353" hits="133" branch="True" condition-coverage="100% (4/4)">
                  <conditions>
                    <condition number="62" type="jump" coverage="100%" />
                    <condition number="235" type="jump" coverage="100%" />
                  </conditions>
                </line>
                <line number="354" hits="490" branch="True" condition-coverage="100% (4/4)">
                  <conditions>
                    <condition number="77" type="jump" coverage="100%" />
                    <condition number="222" type="jump" coverage="100%" />
                  </conditions>
                </line>
                <line number="355" hits="360" branch="True" condition-coverage="100% (2/2)">
                  <conditions>
                    <condition number="94" type="jump" coverage="100%" />
                  </conditions>
                </line>
                <line number="356" hits="287" branch="False" />
                <line number="359" hits="73" branch="False" />
                <line number="360" hits="541" branch="True" condition-coverage="100% (4/4)">
                  <conditions>
                    <condition number="191" type="jump" coverage="100%" />
                    <condition number="161" type="jump" coverage="100%" />
                  </conditions>
                </line>
                <line number="361" hits="14" branch="False" />
                <line number="362" hits="73" branch="False" />
                <line number="363" hits="3" branch="False" />
              </lines>
            </method>
          </methods>
          <lines>
            <line number="250" hits="4" branch="False" />
            <line number="251" hits="129" branch="True" condition-coverage="100% (4/4)">
              <conditions>
                <condition number="21" type="jump" coverage="100%" />
                <condition number="139" type="jump" coverage="100%" />
              </conditions>
            </line>
            <line number="252" hits="250" branch="True" condition-coverage="100% (2/2)">
              <conditions>
                <condition number="51" type="jump" coverage="100%" />
              </conditions>
            </line>
            <line number="253" hits="5230" branch="True" condition-coverage="100% (4/4)">
              <conditions>
                <condition number="74" type="jump" coverage="100%" />
                <condition number="129" type="jump" coverage="100%" />
[...]
              </lines>
            </method>
            <method name="addEdge" signature="(System.Int32,System.Int32,e,Yog.Model/Graph`2&lt;n,e&gt;)" line-rate="1" branch-rate="1" complexity="2">
              <lines>
                <line number="79" hits="8578" branch="False" />
                <line number="80" hits="8578" branch="True" condition-coverage="100% (2/2)">
                  <conditions>
                    <condition number="23" type="jump" coverage="100%" />
                  </conditions>
                </line>
                <line number="81" hits="4383" branch="False" />
                <line number="82" hits="4195" branch="False" />
              </lines>
            </method>
            <method name="ensureNode" signature="(System.Int32,n,Yog.Model/Graph`2&lt;n,e&gt;)" line-rate="1" branch-rate="1" complexity="2">
              <lines>
                <line number="86" hits="15" branch="True" condition-coverage="100% (2/2)">
                  <conditions>
                    <condition number="15" type="jump" coverage="100%" />
                  </conditions>
                </line>
                <line number="87" hits="1" branch="False" />
              </lines>
            </method>
            <method name="addEdgeEnsured" signature="(System.Int32,System.Int32,e,n,Yog.Model/Graph`2&lt;n,e&gt;)" line-rate="1" branch-rate="1" complexity="1">
              <lines>
                <line number="111" hits="2" branch="False" />
                <line number="112" hits="2" branch="False" />
                <line number="113" hits="2" branch="False" />
                <line number="114" hits="2" branch="False" />
              </lines>
            </method>
            <method name="successors" signature="(System.Int32,Yog.Model/Graph`2&lt;n,e&gt;)" line-rate="1" branch-rate="1" complexity="4">
              <lines>
                <line number="118" hits="12804" branch="False" />
                <line number="119" hits="12804" branch="False" />
                <line number="120" hits="12804" branch="True" condition-coverage="100% (2/2)">
                  <conditions>
                    <condition number="26" type="jump" coverage="100%" />
                  </conditions>
                </line>
                <line number="121" hits="12804" branch="True" condition-coverage="100% (2/2)">
                  <conditions>
                    <condition number="73" type="jump" coverage="100%" />
                  </conditions>
                </line>
              </lines>
            </method>
            <method name="predecessors" signature="(System.Int32,Yog.Model/Graph`2&lt;n,e&gt;)" line-rate="1" branch-rate="1" complexity="4">
              <lines>
                <line number="125" hits="135" branch="False" />
                <line number="126" hits="135" branch="False" />
                <line number="127" hits="135" branch="True" condition-coverage="100% (2/2)">
                  <conditions>
                    <condition number="26" type="jump" coverage="100%" />
                  </conditions>
                </line>
                <line number="128" hits="135" branch="True" condition-coverage="100% (2/2)">
                  <conditions>
                    <condition number="73" type="jump" coverage="100%" />
                  </conditions>
                </line>
              </lines>
            </method>
            <method name="predecessorIds" signature="(System.Int32,Yog.Model/Graph`2&lt;n,e&gt;)" line-rate="1" branch-rate="1" complexity="1">
              <lines>
                <line number="132" hits="2" branch="False" />
              </lines>
            </method>
            <method name="neighbors" signature="(System.Int32,Yog.Model/Graph`2&lt;n,e&gt;)" line-rate="1" branch-rate="1" complexity="2">
              <lines>
                <line number="140" hits="6868" branch="True" condition-coverage="100% (2/2)">
                  <conditions>
                    <condition number="13" type="jump" coverage="100%" />
                  </conditions>
                </line>
                <line number="141" hits="6866" branch="False" />
                <line number="143" hits="2" branch="False" />
                <line number="144" hits="2" branch="False" />
                <line number="145" hits="6" branch="False" />
                <line number="147" hits="2" branch="False" />
                <line number="148" hits="2" branch="False" />
                <line number="149" hits="7" branch="False" />
                <line number="150" hits="3" branch="False" />
              </lines>
            </method>
            <method name="allNodes" signature="(Yog.Model/Graph`2&lt;n,e&gt;)" line-rate="1" branch-rate="1" complexity="1">
              <lines>
                <line number="155" hits="4233" branch="False" />
              </lines>
            </method>
            <method name="order" signature="(Yog.Model/Graph`2&lt;n,e&gt;)" line-rate="1" branch-rate="1" complexity="1">
              <lines>
                <line number="161" hits="176" branch="False" />
              </lines>
            </method>
            <method name="edgeCount" signature="(Yog.Model/Graph`2&lt;n,e&gt;)" line-rate="1" branch-rate="1" complexity="2">
              <lines>
                <line number="176" hits="349" branch="False" />
                <line number="177" hits="75" branch="True" condition-coverage="100% (2/2)">
                  <conditions>
                    <condition number="33" type="jump" coverage="100%" />
                  </conditions>
                </line>
                <line number="178" hits="47" branch="False" />
                <line number="179" hits="28" branch="False" />
              </lines>
            </method>
            <method name="successorIds" signature="(System.Int32,Yog.Model/Graph`2&lt;n,e&gt;)" line-rate="1" branch-rate="1" complexity="1">
              <lines>
                <line number="184" hits="2504" branch="False" />
              </lines>
            </method>
            <method name="removeNode" signature="(System.Int32,Yog.Model/Graph`2&lt;n,e&gt;)" line-rate="1" branch-rate="1" complexity="1">
              <lines>
                <line number="206" hits="58" branch="False" />
                <line number="207" hits="58" branch="False" />
                <line number="209" hits="58" branch="False" />
                <line number="210" hits="58" branch="False" />
                <line number="211" hits="58" branch="False" />
                <line number="215" hits="29" branch="False" />
                <line number="216" hits="29" branch="False" />
                <line number="217" hits="108" branch="False" />
                <line number="218" hits="29" branch="False" />
                <line number="222" hits="29" branch="False" />
                <line number="223" hits="29" branch="False" />
                <line number="224" hits="111" branch="False" />
                <line number="225" hits="29" branch="False" />
                <line number="227" hits="29" branch="False" />
                <line number="228" hits="29" branch="False" />
                <line number="229" hits="29" branch="False" />
                <line number="230" hits="29" branch="False" />
              </lines>
            </method>
            <method name="doRemoveDirectedEdge" signature="(System.Int32,System.Int32,Yog.Model/Graph`2&lt;n,e&gt;)" line-rate="1" branch-rate="1" complexity="1">
              <lines>
                <line number="234" hits="37" branch="False" />
                <line number="235" hits="37" branch="False" />
                <line number="236" hits="13" branch="False" />
              </lines>
            </method>
            <method name="removeEdge" signature="(System.Int32,System.Int32,Yog.Model/Graph`2&lt;n,e&gt;)" line-rate="1" branch-rate="1" complexity="2">
              <lines>
                <line number="256" hits="10" branch="False" />
                <line number="257" hits="10" branch="True" condition-coverage="100% (2/2)">
                  <conditions>
                    <condition number="22" type="jump" coverage="100%" />
                  </conditions>
                </line>
                <line number="258" hits="7" branch="False" />
                <line number="259" hits="3" branch="False" />
              </lines>
            </method>
            <method name="doAddDirectedCombine" signature="(System.Int32,System.Int32,e,Microsoft.FSharp.Core.FSharpFunc`2&lt;e,Microsoft.FSharp.Core.FSharpFunc`2&lt;e,e&gt;&gt;,Yog.Model/Graph`2&lt;n,e&gt;)" line-rate="1" branch-rate="1" complexity="1">
              <lines>
                <line number="273" hits="33" branch="False" />
                <line number="274" hits="66" branch="False" />
                <line number="275" hits="99" branch="False" />
              </lines>
            </method>
            <method name="addEdgeWithCombine" signature="(System.Int32,System.Int32,e,Microsoft.FSharp.Core.FSharpFunc`2&lt;e,Microsoft.FSharp.Core.FSharpFunc`2&lt;e,e&gt;&gt;,Yog.Model/Graph`2&lt;n,e&gt;)" line-rate="1" branch-rate="1" complexity="2">
              <lines>
                <line number="303" hits="18" branch="False" />
                <line number="304" hits="18" branch="True" condition-coverage="100% (2/2)">
                  <conditions>
                    <condition number="25" type="jump" coverage="100%" />
                  </conditions>
                </line>
                <line number="305" hits="3" branch="False" />
                <line number="306" hits="15" branch="False" />
              </lines>
            </method>
          </methods>
          <lines>
            <line number="31" hits="1598" branch="False" />
            <line number="32" hits="1598" branch="False" />
            <line number="33" hits="1598" branch="False" />
            <line number="34" hits="1598" branch="False" />
            <line number="47" hits="17262" branch="False" />
            <line number="56" hits="12773" branch="False" />
            <line number="57" hits="25546" branch="False" />
            <line number="58" hits="38319" branch="False" />
            <line number="79" hits="8578" branch="False" />
            <line number="80" hits="8578" branch="True" condition-coverage="100% (2/2)">
              <conditions>
                <condition number="23" type="jump" coverage="100%" />
              </conditions>
            </line>
            <line number="81" hits="4383" branch="False" />
            <line number="82" hits="4195" branch="False" />
            <line number="86" hits="15" branch="True" condition-coverage="100% (2/2)">
              <conditions>
                <condition number="15" type="jump" coverage="100%" />
              </conditions>
            </line>
            <line number="87" hits="1" branch="False" />
            <line number="111" hits="2" branch="False" />
            <line number="112" hits="2" branch="False" />
            <line number="113" hits="2" branch="False" />
            <line number="114" hits="2" branch="False" />
            <line number="118" hits="12804" branch="False" />
            <line number="119" hits="12804" branch="False" />
            <line number="120" hits="12804" branch="True" condition-coverage="100% (2/2)">
              <conditions>
                <condition number="26" type="jump" coverage="100%" />
              </conditions>
            </line>
            <line number="121" hits="12804" branch="True" condition-coverage="100% (2/2)">
              <conditions>
                <condition number="73" type="jump" coverage="100%" />
              </conditions>
            </line>
            <line number="125" hits="135" branch="False" />
            <line number="126" hits="135" branch="False" />
            <line number="127" hits="135" branch="True" condition-coverage="100% (2/2)">
              <conditions>
                <condition number="26" type="jump" coverage="100%" />
              </conditions>
            </line>
            <line number="128" hits="135" branch="True" condition-coverage="100% (2/2)">
              <conditions>
                <condition number="73" type="jump" coverage="100%" />
              </conditions>
            </line>
            <line number="132" hits="2" branch="False" />
            <line number="140" hits="6868" branch="True" condition-coverage="100% (2/2)">
              <conditions>
                <condition number="13" type="jump" coverage="100%" />
              </conditions>
            </line>
            <line number="141" hits="6866" branch="False" />
            <line number="143" hits="2" branch="False" />
            <line number="144" hits="2" branch="False" />
            <line number="145" hits="6" branch="False" />
            <line number="147" hits="2" branch="False" />
            <line number="148" hits="2" branch="False" />
            <line number="149" hits="7" branch="False" />
            <line number="150" hits="3" branch="False" />
            <line number="155" hits="4233" branch="False" />
            <line number="161" hits="176" branch="False" />
            <line number="176" hits="349" branch="False" />
            <line number="177" hits="75" branch="True" condition-coverage="100% (2/2)">
              <conditions>
                <condition number="33" type="jump" coverage="100%" />
              </conditions>
            </line>
            <line number="178" hits="47" branch="False" />
            <line number="179" hits="28" branch="False" />
            <line number="184" hits="2504" branch="False" />
            <line number="206" hits="58" branch="False" />
            <line number="207" hits="58" branch="False" />
            <line number="209" hits="58" branch="False" />
            <line number="210" hits="58" branch="False" />
            <line number="211" hits="58" branch="False" />
            <line number="215" hits="29" branch="False" />
            <line number="216" hits="29" branch="False" />
            <line number="217" hits="108" branch="False" />
            <line number="218" hits="29" branch="False" />
            <line number="222" hits="29" branch="False" />
            <line number="223" hits="29" branch="False" />
            <line number="224" hits="111" branch="False" />
            <line number="225" hits="29" branch="False" />
            <line number="227" hits="29" branch="False" />
            <line number="228" hits="29" branch="False" />
            <line number="229" hits="29" branch="False" />
            <line number="230" hits="29" branch="False" />
            <line number="234" hits="37" branch="False" />
            <line number="235" hits="37" branch="False" />
            <line number="236" hits="13" branch="False" />
            <line number="256" hits="10" branch="False" />
            <line number="257" hits="10" branch="True" condition-coverage="100% (2/2)">
              <conditions>
                <condition number="22" type="jump" coverage="100%" />
              </conditions>
            </line>
            <line number="258" hits="7" branch="False" />
            <line number="259" hits="3" branch="False" />
            <line number="273" hits="33" branch="False" />
            <line number="274" hits="66" branch="False" />
            <line number="275" hits="99" branch="False" />
            <line number="303" hits="18" branch="False" />
            <line number="304" hits="18" branch="True" condition-coverage="100% (2/2)">
              <conditions>
                <condition number="25" type="jump" coverage="100%" />
              </conditions>
            </line>
            <line number="305" hits="3" branch="False" />
            <line number="306" hits="15" branch="False" />
          </lines>
        </class>
        <class name="Yog.Model/addOrUpdate@51T" filename="Model.fs" line-rate="1" branch-rate="1" complexity="2">
          <methods>
            <method name="Invoke" signature="(a,Microsoft.FSharp.Core.FSharpOption`1&lt;Microsoft.FSharp.Collections.FSharpMap`2&lt;a,e&gt;&gt;)" line-rate="1" branch-rate="1" complexity="2">
              <lines>
                <line number="52" hits="25546" branch="True" condition-coverage="100% (2/2)">
                  <conditions>
                    <condition number="10" type="jump" coverage="100%" />
                  </conditions>
                </line>
                <line number="53" hits="16496" branch="False" />
                <line number="54" hits="9050" branch="False" />
              </lines>
            </method>
          </methods>
          <lines>
            <line number="52" hits="25546" branch="True" condition-coverage="100% (2/2)">
              <conditions>
                <condition number="10" type="jump" coverage="100%" />
              </conditions>
            </line>
            <line number="53" hits="16496" branch="False" />
            <line number="54" hits="9050" branch="False" />
          </lines>
        </class>
        <class name="Yog.Model/addOrCombine@263T" filename="Model.fs" line-rate="1" branch-rate="1" complexity="4">
          <methods>
            <method name="Invoke" signature="(a,Microsoft.FSharp.Core.FSharpOption`1&lt;Microsoft.FSharp.Collections.FSharpMap`2&lt;a,e&gt;&gt;)" line-rate="1" branch-rate="1" complexity="4">
              <lines>
                <line number="264" hits="66" branch="True" condition-coverage="100% (2/2)">
                  <conditions>
                    <condition number="11" type="jump" coverage="100%" />
                  </conditions>
                </line>
                <line number="267" hits="64" branch="True" condition-coverage="100% (2/2)">
                  <conditions>
                    <condition number="35" type="jump" coverage="100%" />
                  </conditions>
                </line>
                <line number="268" hits="56" branch="False" />
                <line number="269" hits="8" branch="False" />
                <line number="270" hits="64" branch="False" />
                <line number="271" hits="2" branch="False" />
              </lines>
            </method>
          </methods>
          <lines>
            <line number="264" hits="66" branch="True" condition-coverage="100% (2/2)">
              <conditions>
                <condition number="11" type="jump" coverage="100%" />
              </conditions>
            </line>
            <line number="267" hits="64" branch="True" condition-coverage="100% (2/2)">
              <conditions>
                <condition number="35" type="jump" coverage="100%" />
              </conditions>
            </line>
            <line number="268" hits="56" branch="False" />
            <line number="269" hits="8" branch="False" />
            <line number="270" hits="64" branch="False" />
            <line number="271" hits="2" branch="False" />
          </lines>
        </class>
        <class name="Yog.Model/neighbors@148" filename="Model.fs" line-rate="1" branch-rate="1" complexity="2">
          <methods />
          <lines />
        </class>
        <class name="Yog.Model/newInCleaned@217-3" filename="Model.fs" line-rate="1" branch-rate="0.75" complexity="4">
          <methods />
          <lines />
        </class>
        <class name="Yog.Model/newOutCleaned@224-3" filename="Model.fs" line-rate="1" branch-rate="0.75" complexity="4">
          <methods />
          <lines />
        </class>
        <class name="Yog.Model/newOut@234-2" filename="Model.fs" line-rate="1" branch-rate="1" complexity="4">
          <methods />
          <lines />
        </class>
        <class name="Yog.Model/newIn@235-2" filename="Model.fs" line-rate="1" branch-rate="0.75" complexity="4">
          <methods />
          <lines />
        </class>
      </classes>
    </package>
  </packages>
</coverage>